0 info it worked if it ends with ok
1 verbose cli [ 'C:\\Program Files\\nodejs\\node.exe',
1 verbose cli   'C:\\Users\\Administrator\\AppData\\Roaming\\npm\\node_modules\\npm\\bin\\npm-cli.js',
1 verbose cli   'run',
1 verbose cli   'build' ]
2 info using npm@3.10.6
3 info using node@v6.2.0
4 verbose run-script [ 'prebuild', 'build', 'postbuild' ]
5 info lifecycle utils@1.0.0~prebuild: utils@1.0.0
6 silly lifecycle utils@1.0.0~prebuild: no script for prebuild, continuing
7 info lifecycle utils@1.0.0~build: utils@1.0.0
8 verbose lifecycle utils@1.0.0~build: unsafe-perm in lifecycle true
9 verbose lifecycle utils@1.0.0~build: PATH: C:\Users\Administrator\AppData\Roaming\npm\node_modules\npm\bin\node-gyp-bin;C:\Users\Administrator\Desktop\FE\FE\Library\utils\node_modules\.bin;C:\Program Files (x86)\Git\mingw32\bin;C:\Program Files (x86)\Git\usr\bin;C:\Users\Administrator\bin;D:\ImageMagick-7.0.1-Q16;C:\Windows\system32;C:\Windows;C:\Windows\System32\Wbem;C:\Windows\System32\WindowsPowerShell\v1.0;C:\Windows\system32\config\systemprofile\.dnx\bin;C:\Program Files\Microsoft DNX\Dnvm;C:\Program Files\nodejs;D:\wamp64\bin\php\php7.0.10;C:\wamp\bin\php\php5.5.12;C:\ProgramData\ComposerSetup\bin;C:\Program Files\TortoiseGit\bin;C:\Program Files (x86)\Git\cmd;C:\Users\Administrator\Desktop\FeDevTool\cmder;C:\Users\Administrator\Desktop\FeDevTool\Sublime Text 3;C:\MongoDB\bin;C:\Users\Administrator\AppData\Roaming\npm;C:\Users\Administrator\AppData\Roaming\Composer\vendor\bin;C:\Program Files (x86)\Microsoft VS Code\bin
10 verbose lifecycle utils@1.0.0~build: CWD: C:\Users\Administrator\Desktop\FE\FE\Library\utils
11 silly lifecycle utils@1.0.0~build: Args: [ '/d /s /c', 'rollup -c' ]
12 silly lifecycle utils@1.0.0~build: Returned: code: 1  signal: null
13 info lifecycle utils@1.0.0~build: Failed to exec build script
14 verbose stack Error: utils@1.0.0 build: `rollup -c`
14 verbose stack Exit status 1
14 verbose stack     at EventEmitter.<anonymous> (C:\Users\Administrator\AppData\Roaming\npm\node_modules\npm\lib\utils\lifecycle.js:255:16)
14 verbose stack     at emitTwo (events.js:106:13)
14 verbose stack     at EventEmitter.emit (events.js:191:7)
14 verbose stack     at ChildProcess.<anonymous> (C:\Users\Administrator\AppData\Roaming\npm\node_modules\npm\lib\utils\spawn.js:40:14)
14 verbose stack     at emitTwo (events.js:106:13)
14 verbose stack     at ChildProcess.emit (events.js:191:7)
14 verbose stack     at maybeClose (internal/child_process.js:850:16)
14 verbose stack     at Process.ChildProcess._handle.onexit (internal/child_process.js:215:5)
15 verbose pkgid utils@1.0.0
16 verbose cwd C:\Users\Administrator\Desktop\FE\FE\Library\utils
17 error Windows_NT 6.1.7601
18 error argv "C:\\Program Files\\nodejs\\node.exe" "C:\\Users\\Administrator\\AppData\\Roaming\\npm\\node_modules\\npm\\bin\\npm-cli.js" "run" "build"
19 error node v6.2.0
20 error npm  v3.10.6
21 error code ELIFECYCLE
22 error utils@1.0.0 build: `rollup -c`
22 error Exit status 1
23 error Failed at the utils@1.0.0 build script 'rollup -c'.
23 error Make sure you have the latest version of node.js and npm installed.
23 error If you do, this is most likely a problem with the utils package,
23 error not with npm itself.
23 error Tell the author that this fails on your system:
23 error     rollup -c
23 error You can get information on how to open an issue for this project with:
23 error     npm bugs utils
23 error Or if that isn't available, you can get their info via:
23 error     npm owner ls utils
23 error There is likely additional logging output above.
24 verbose exit [ 1, true ]
